app/build/intermediates/manifest_merge_blame_file/debug/manifest-merger-blame-debug-report.txt
1<?xml version="1.0" encoding="utf-8"?>
2<manifest xmlns:android="http://schemas.android.com/apk/res/android"
3    package="ru.anastasia745.unsplash"
4    android:versionCode="1"
5    android:versionName="1.0" >
6
7    <uses-sdk
8        android:minSdkVersion="21"
8-->src\main\AndroidManifest.xml
9        android:targetSdkVersion="31" />
9-->src\main\AndroidManifest.xml
10
11    <uses-permission android:name="android.permission.INTERNET" />
11-->[net.openid:appauth:0.9.1] AndroidManifest.xml:22:5-67
11-->[net.openid:appauth:0.9.1] AndroidManifest.xml:22:22-64
12
13    <queries>
13-->[net.openid:appauth:0.9.1] AndroidManifest.xml:24:5-32:15
14        <intent>
14-->[net.openid:appauth:0.9.1] AndroidManifest.xml:25:9-31:18
15            <action android:name="android.intent.action.VIEW" />
15-->src\main\AndroidManifest.xml:25:17-69
15-->src\main\AndroidManifest.xml:25:25-66
16
17            <category android:name="android.intent.category.BROWSABLE" />
17-->src\main\AndroidManifest.xml:28:17-78
17-->src\main\AndroidManifest.xml:28:27-75
18
19            <data android:scheme="https" />
19-->src\main\AndroidManifest.xml:30:17-32:51
19-->src\main\AndroidManifest.xml:31:21-43
20        </intent>
21    </queries>
22
23    <application
23-->src\main\AndroidManifest.xml:5:5-35:19
24        android:name="com.example.unsplash.Application"
24-->src\main\AndroidManifest.xml:6:9-36
25        android:allowBackup="true"
25-->src\main\AndroidManifest.xml:7:9-35
26        android:appComponentFactory="androidx.core.app.CoreComponentFactory"
26-->[androidx.core:core:1.6.0] AndroidManifest.xml:24:18-86
27        android:debuggable="true"
28        android:icon="@mipmap/ic_launcher"
28-->src\main\AndroidManifest.xml:8:9-43
29        android:label="@string/app_name"
29-->src\main\AndroidManifest.xml:9:9-41
30        android:roundIcon="@mipmap/ic_launcher_round"
30-->src\main\AndroidManifest.xml:10:9-54
31        android:supportsRtl="true"
31-->src\main\AndroidManifest.xml:11:9-35
32        android:testOnly="true"
33        android:theme="@style/Theme.Unsplash" >
33-->src\main\AndroidManifest.xml:12:9-46
34        <activity
34-->src\main\AndroidManifest.xml:13:9-15:39
35            android:name="com.example.unsplash.SecondActivity"
35-->src\main\AndroidManifest.xml:14:13-43
36            android:exported="true" />
36-->src\main\AndroidManifest.xml:15:13-36
37        <activity
37-->src\main\AndroidManifest.xml:16:9-34:20
38            android:name="com.example.unsplash.MainActivity"
38-->src\main\AndroidManifest.xml:17:13-41
39            android:exported="true" >
39-->src\main\AndroidManifest.xml:18:13-36
40            <intent-filter>
40-->src\main\AndroidManifest.xml:19:13-23:29
41                <action android:name="android.intent.action.MAIN" />
41-->src\main\AndroidManifest.xml:20:17-69
41-->src\main\AndroidManifest.xml:20:25-66
42
43                <category android:name="android.intent.category.LAUNCHER" />
43-->src\main\AndroidManifest.xml:22:17-77
43-->src\main\AndroidManifest.xml:22:27-74
44            </intent-filter>
45            <intent-filter>
45-->src\main\AndroidManifest.xml:24:13-33:29
46                <action android:name="android.intent.action.VIEW" />
46-->src\main\AndroidManifest.xml:25:17-69
46-->src\main\AndroidManifest.xml:25:25-66
47
48                <category android:name="android.intent.category.DEFAULT" />
48-->src\main\AndroidManifest.xml:27:17-76
48-->src\main\AndroidManifest.xml:27:27-73
49                <category android:name="android.intent.category.BROWSABLE" />
49-->src\main\AndroidManifest.xml:28:17-78
49-->src\main\AndroidManifest.xml:28:27-75
50
51                <data
51-->src\main\AndroidManifest.xml:30:17-32:51
52                    android:host="unsplash.com"
52-->src\main\AndroidManifest.xml:32:21-48
53                    android:scheme="https" />
53-->src\main\AndroidManifest.xml:31:21-43
54            </intent-filter>
55        </activity>
56        <activity
56-->[net.openid:appauth:0.9.1] AndroidManifest.xml:35:9-39:77
57            android:name="net.openid.appauth.AuthorizationManagementActivity"
57-->[net.openid:appauth:0.9.1] AndroidManifest.xml:36:13-78
58            android:exported="false"
58-->[net.openid:appauth:0.9.1] AndroidManifest.xml:37:13-37
59            android:launchMode="singleTask"
59-->[net.openid:appauth:0.9.1] AndroidManifest.xml:38:13-44
60            android:theme="@style/Theme.AppCompat.Translucent.NoTitleBar" />
60-->[net.openid:appauth:0.9.1] AndroidManifest.xml:39:13-74
61        <activity
61-->[net.openid:appauth:0.9.1] AndroidManifest.xml:40:9-51:20
62            android:name="net.openid.appauth.RedirectUriReceiverActivity"
62-->[net.openid:appauth:0.9.1] AndroidManifest.xml:41:13-74
63            android:exported="true" >
63-->[net.openid:appauth:0.9.1] AndroidManifest.xml:42:13-36
64            <intent-filter>
64-->[net.openid:appauth:0.9.1] AndroidManifest.xml:43:13-50:29
65                <action android:name="android.intent.action.VIEW" />
65-->src\main\AndroidManifest.xml:25:17-69
65-->src\main\AndroidManifest.xml:25:25-66
66
67                <category android:name="android.intent.category.DEFAULT" />
67-->src\main\AndroidManifest.xml:27:17-76
67-->src\main\AndroidManifest.xml:27:27-73
68                <category android:name="android.intent.category.BROWSABLE" />
68-->src\main\AndroidManifest.xml:28:17-78
68-->src\main\AndroidManifest.xml:28:27-75
69
70                <data android:scheme="school" />
70-->src\main\AndroidManifest.xml:30:17-32:51
70-->src\main\AndroidManifest.xml:31:21-43
71            </intent-filter>
72        </activity>
73
74        <service
74-->[androidx.room:room-runtime:2.3.0] AndroidManifest.xml:25:9-28:40
75            android:name="androidx.room.MultiInstanceInvalidationService"
75-->[androidx.room:room-runtime:2.3.0] AndroidManifest.xml:26:13-74
76            android:directBootAware="true"
76-->[androidx.room:room-runtime:2.3.0] AndroidManifest.xml:27:13-43
77            android:exported="false" />
77-->[androidx.room:room-runtime:2.3.0] AndroidManifest.xml:28:13-37
78    </application>
79
80</manifest>